<?xml version="1.0" encoding="UTF-8"?>
<!-- Generated by org.testng.reporters.JUnitReportReporter -->
<testsuite hostname="NewazHaque" failures="0" tests="2" name="newtestrunner.newtestrunnerclass" time="27.081" errors="0" timestamp="2023-02-01T17:49:24 EST" skipped="0">
  <testcase classname="newtestrunner.newtestrunnerclass" name="feature" time="15.835"/>
  <system-out/>
  <testcase classname="newtestrunner.newtestrunnerclass" name="feature" time="11.246"/>
  <system-out/>
</testsuite> <!-- newtestrunner.newtestrunnerclass -->
